1760842887.579120 client started (15402): version 3.5a, socket /private/tmp/tmux-501/default, protocol 8
1760842887.579175 on Darwin 25.0.0 Darwin Kernel Version 25.0.0: Wed Sep 17 21:41:26 PDT 2025; root:xnu-12377.1.9~141/RELEASE_ARM64_T6041
1760842887.579185 using libevent 2.1.12-stable select
1760842887.579496 using utf8proc 2.11.0
1760842887.579505 using ncurses 6.5 20240427
1760842887.579517 flags are 0x10010000
1760842887.579522 socket is /private/tmp/tmux-501/default
1760842887.579535 trying connect
1760842887.579574 add peer 0xb4301c000: 6 (0x0)
1760842887.582303 sending message 111 to peer 0xb4301c000 (8 bytes)
1760842887.582316 sending message 111 to peer 0xb4301c000 (8 bytes)
1760842887.582322 sending message 101 to peer 0xb4301c000 (14 bytes)
1760842887.582327 sending message 109 to peer 0xb4301c000 (4 bytes)
1760842887.582332 sending message 102 to peer 0xb4301c000 (13 bytes)
1760842887.582338 sending message 108 to peer 0xb4301c000 (35 bytes)
1760842887.582343 sending message 112 to peer 0xb4301c000 (70 bytes)
1760842887.582347 sending message 112 to peer 0xb4301c000 (5 bytes)
1760842887.582353 sending message 112 to peer 0xb4301c000 (5 bytes)
1760842887.582361 sending message 112 to peer 0xb4301c000 (6 bytes)
1760842887.582366 sending message 112 to peer 0xb4301c000 (6 bytes)
1760842887.582371 sending message 112 to peer 0xb4301c000 (11 bytes)
1760842887.582384 sending message 112 to peer 0xb4301c000 (10 bytes)
1760842887.582389 sending message 112 to peer 0xb4301c000 (13 bytes)
1760842887.582396 sending message 112 to peer 0xb4301c000 (13 bytes)
1760842887.582403 sending message 112 to peer 0xb4301c000 (18 bytes)
1760842887.582408 sending message 112 to peer 0xb4301c000 (11 bytes)
1760842887.582415 sending message 112 to peer 0xb4301c000 (10 bytes)
1760842887.582421 sending message 112 to peer 0xb4301c000 (15 bytes)
1760842887.582427 sending message 112 to peer 0xb4301c000 (21 bytes)
1760842887.582433 sending message 112 to peer 0xb4301c000 (13 bytes)
1760842887.582437 sending message 112 to peer 0xb4301c000 (7 bytes)
1760842887.582441 sending message 112 to peer 0xb4301c000 (13 bytes)
1760842887.582444 sending message 112 to peer 0xb4301c000 (7 bytes)
1760842887.582448 sending message 112 to peer 0xb4301c000 (13 bytes)
1760842887.582452 sending message 112 to peer 0xb4301c000 (9 bytes)
1760842887.582455 sending message 112 to peer 0xb4301c000 (21 bytes)
1760842887.582459 sending message 112 to peer 0xb4301c000 (13 bytes)
1760842887.582463 sending message 112 to peer 0xb4301c000 (8 bytes)
1760842887.582467 sending message 112 to peer 0xb4301c000 (12 bytes)
1760842887.582470 sending message 112 to peer 0xb4301c000 (13 bytes)
1760842887.582474 sending message 112 to peer 0xb4301c000 (9 bytes)
1760842887.582478 sending message 112 to peer 0xb4301c000 (9 bytes)
1760842887.582481 sending message 112 to peer 0xb4301c000 (12 bytes)
1760842887.582485 sending message 112 to peer 0xb4301c000 (8 bytes)
1760842887.582489 sending message 112 to peer 0xb4301c000 (8 bytes)
1760842887.582492 sending message 112 to peer 0xb4301c000 (7 bytes)
1760842887.582496 sending message 112 to peer 0xb4301c000 (7 bytes)
1760842887.582500 sending message 112 to peer 0xb4301c000 (9 bytes)
1760842887.582504 sending message 112 to peer 0xb4301c000 (13 bytes)
1760842887.582508 sending message 112 to peer 0xb4301c000 (6 bytes)
1760842887.582511 sending message 112 to peer 0xb4301c000 (9 bytes)
1760842887.582515 sending message 112 to peer 0xb4301c000 (15 bytes)
1760842887.582520 sending message 112 to peer 0xb4301c000 (13 bytes)
1760842887.582523 sending message 112 to peer 0xb4301c000 (12 bytes)
1760842887.582527 sending message 112 to peer 0xb4301c000 (8 bytes)
1760842887.582531 sending message 112 to peer 0xb4301c000 (14 bytes)
1760842887.582535 sending message 112 to peer 0xb4301c000 (11 bytes)
1760842887.582539 sending message 112 to peer 0xb4301c000 (9 bytes)
1760842887.582543 sending message 112 to peer 0xb4301c000 (10 bytes)
1760842887.582547 sending message 112 to peer 0xb4301c000 (10 bytes)
1760842887.582551 sending message 112 to peer 0xb4301c000 (10 bytes)
1760842887.582562 sending message 112 to peer 0xb4301c000 (10 bytes)
1760842887.582566 sending message 112 to peer 0xb4301c000 (11 bytes)
1760842887.582569 sending message 112 to peer 0xb4301c000 (12 bytes)
1760842887.582572 sending message 112 to peer 0xb4301c000 (12 bytes)
1760842887.582575 sending message 112 to peer 0xb4301c000 (12 bytes)
1760842887.582578 sending message 112 to peer 0xb4301c000 (12 bytes)
1760842887.582581 sending message 112 to peer 0xb4301c000 (12 bytes)
1760842887.582585 sending message 112 to peer 0xb4301c000 (11 bytes)
1760842887.582588 sending message 112 to peer 0xb4301c000 (11 bytes)
1760842887.582591 sending message 112 to peer 0xb4301c000 (12 bytes)
1760842887.582594 sending message 112 to peer 0xb4301c000 (12 bytes)
1760842887.582596 sending message 112 to peer 0xb4301c000 (12 bytes)
1760842887.582599 sending message 112 to peer 0xb4301c000 (12 bytes)
1760842887.582602 sending message 112 to peer 0xb4301c000 (12 bytes)
1760842887.582605 sending message 112 to peer 0xb4301c000 (10 bytes)
1760842887.582607 sending message 112 to peer 0xb4301c000 (12 bytes)
1760842887.582610 sending message 112 to peer 0xb4301c000 (13 bytes)
1760842887.582613 sending message 112 to peer 0xb4301c000 (13 bytes)
1760842887.582616 sending message 112 to peer 0xb4301c000 (13 bytes)
1760842887.582619 sending message 112 to peer 0xb4301c000 (13 bytes)
1760842887.582621 sending message 112 to peer 0xb4301c000 (13 bytes)
1760842887.582624 sending message 112 to peer 0xb4301c000 (8 bytes)
1760842887.582627 sending message 112 to peer 0xb4301c000 (11 bytes)
1760842887.582629 sending message 112 to peer 0xb4301c000 (11 bytes)
1760842887.582632 sending message 112 to peer 0xb4301c000 (11 bytes)
1760842887.582635 sending message 112 to peer 0xb4301c000 (12 bytes)
1760842887.582638 sending message 112 to peer 0xb4301c000 (12 bytes)
1760842887.582640 sending message 112 to peer 0xb4301c000 (12 bytes)
1760842887.582643 sending message 112 to peer 0xb4301c000 (12 bytes)
1760842887.582646 sending message 112 to peer 0xb4301c000 (13 bytes)
1760842887.582649 sending message 112 to peer 0xb4301c000 (13 bytes)
1760842887.582652 sending message 112 to peer 0xb4301c000 (13 bytes)
1760842887.582655 sending message 112 to peer 0xb4301c000 (8 bytes)
1760842887.582659 sending message 112 to peer 0xb4301c000 (13 bytes)
1760842887.582661 sending message 112 to peer 0xb4301c000 (13 bytes)
1760842887.582665 sending message 112 to peer 0xb4301c000 (13 bytes)
1760842887.582668 sending message 112 to peer 0xb4301c000 (13 bytes)
1760842887.582671 sending message 112 to peer 0xb4301c000 (13 bytes)
1760842887.582673 sending message 112 to peer 0xb4301c000 (12 bytes)
1760842887.582676 sending message 112 to peer 0xb4301c000 (12 bytes)
1760842887.582679 sending message 112 to peer 0xb4301c000 (12 bytes)
1760842887.582682 sending message 112 to peer 0xb4301c000 (12 bytes)
1760842887.582684 sending message 112 to peer 0xb4301c000 (13 bytes)
1760842887.582687 sending message 112 to peer 0xb4301c000 (8 bytes)
1760842887.582690 sending message 112 to peer 0xb4301c000 (13 bytes)
1760842887.582693 sending message 112 to peer 0xb4301c000 (13 bytes)
1760842887.582696 sending message 112 to peer 0xb4301c000 (13 bytes)
1760842887.582699 sending message 112 to peer 0xb4301c000 (13 bytes)
1760842887.582702 sending message 112 to peer 0xb4301c000 (13 bytes)
1760842887.582705 sending message 112 to peer 0xb4301c000 (13 bytes)
1760842887.582708 sending message 112 to peer 0xb4301c000 (13 bytes)
1760842887.582711 sending message 112 to peer 0xb4301c000 (12 bytes)
1760842887.582715 sending message 112 to peer 0xb4301c000 (12 bytes)
1760842887.582719 sending message 112 to peer 0xb4301c000 (12 bytes)
1760842887.582722 sending message 112 to peer 0xb4301c000 (8 bytes)
1760842887.582725 sending message 112 to peer 0xb4301c000 (12 bytes)
1760842887.582728 sending message 112 to peer 0xb4301c000 (13 bytes)
1760842887.582731 sending message 112 to peer 0xb4301c000 (13 bytes)
1760842887.582734 sending message 112 to peer 0xb4301c000 (13 bytes)
1760842887.582742 sending message 112 to peer 0xb4301c000 (13 bytes)
1760842887.582745 sending message 112 to peer 0xb4301c000 (13 bytes)
1760842887.582748 sending message 112 to peer 0xb4301c000 (13 bytes)
1760842887.582751 sending message 112 to peer 0xb4301c000 (13 bytes)
1760842887.582754 sending message 112 to peer 0xb4301c000 (13 bytes)
1760842887.582756 sending message 112 to peer 0xb4301c000 (12 bytes)
1760842887.582759 sending message 112 to peer 0xb4301c000 (10 bytes)
1760842887.582762 sending message 112 to peer 0xb4301c000 (12 bytes)
1760842887.582765 sending message 112 to peer 0xb4301c000 (12 bytes)
1760842887.582767 sending message 112 to peer 0xb4301c000 (12 bytes)
1760842887.582770 sending message 112 to peer 0xb4301c000 (13 bytes)
1760842887.582773 sending message 112 to peer 0xb4301c000 (13 bytes)
1760842887.582776 sending message 112 to peer 0xb4301c000 (13 bytes)
1760842887.582779 sending message 112 to peer 0xb4301c000 (13 bytes)
1760842887.582781 sending message 112 to peer 0xb4301c000 (13 bytes)
1760842887.582784 sending message 112 to peer 0xb4301c000 (13 bytes)
1760842887.582787 sending message 112 to peer 0xb4301c000 (13 bytes)
1760842887.582790 sending message 112 to peer 0xb4301c000 (10 bytes)
1760842887.582793 sending message 112 to peer 0xb4301c000 (13 bytes)
1760842887.582795 sending message 112 to peer 0xb4301c000 (12 bytes)
1760842887.582798 sending message 112 to peer 0xb4301c000 (12 bytes)
1760842887.582801 sending message 112 to peer 0xb4301c000 (12 bytes)
1760842887.582804 sending message 112 to peer 0xb4301c000 (10 bytes)
1760842887.582806 sending message 112 to peer 0xb4301c000 (10 bytes)
1760842887.582809 sending message 112 to peer 0xb4301c000 (10 bytes)
1760842887.582812 sending message 112 to peer 0xb4301c000 (12 bytes)
1760842887.582815 sending message 112 to peer 0xb4301c000 (13 bytes)
1760842887.582818 sending message 112 to peer 0xb4301c000 (13 bytes)
1760842887.582820 sending message 112 to peer 0xb4301c000 (13 bytes)
1760842887.582824 sending message 112 to peer 0xb4301c000 (13 bytes)
1760842887.582827 sending message 112 to peer 0xb4301c000 (13 bytes)
1760842887.582830 sending message 112 to peer 0xb4301c000 (11 bytes)
1760842887.582833 sending message 112 to peer 0xb4301c000 (11 bytes)
1760842887.582836 sending message 112 to peer 0xb4301c000 (12 bytes)
1760842887.582842 sending message 112 to peer 0xb4301c000 (12 bytes)
1760842887.582847 sending message 112 to peer 0xb4301c000 (12 bytes)
1760842887.582850 sending message 112 to peer 0xb4301c000 (12 bytes)
1760842887.582853 sending message 112 to peer 0xb4301c000 (12 bytes)
1760842887.582857 sending message 112 to peer 0xb4301c000 (11 bytes)
1760842887.582859 sending message 112 to peer 0xb4301c000 (12 bytes)
1760842887.582862 sending message 112 to peer 0xb4301c000 (12 bytes)
1760842887.582865 sending message 112 to peer 0xb4301c000 (13 bytes)
1760842887.582868 sending message 112 to peer 0xb4301c000 (13 bytes)
1760842887.582870 sending message 112 to peer 0xb4301c000 (13 bytes)
1760842887.582873 sending message 112 to peer 0xb4301c000 (13 bytes)
1760842887.582876 sending message 112 to peer 0xb4301c000 (13 bytes)
1760842887.582879 sending message 112 to peer 0xb4301c000 (10 bytes)
1760842887.582881 sending message 112 to peer 0xb4301c000 (9 bytes)
1760842887.582884 sending message 112 to peer 0xb4301c000 (12 bytes)
1760842887.582887 sending message 112 to peer 0xb4301c000 (13 bytes)
1760842887.582890 sending message 112 to peer 0xb4301c000 (13 bytes)
1760842887.582892 sending message 112 to peer 0xb4301c000 (13 bytes)
1760842887.582895 sending message 112 to peer 0xb4301c000 (13 bytes)
1760842887.582898 sending message 112 to peer 0xb4301c000 (13 bytes)
1760842887.582901 sending message 112 to peer 0xb4301c000 (9 bytes)
1760842887.582903 sending message 112 to peer 0xb4301c000 (12 bytes)
1760842887.582906 sending message 112 to peer 0xb4301c000 (13 bytes)
1760842887.582909 sending message 112 to peer 0xb4301c000 (13 bytes)
1760842887.582911 sending message 112 to peer 0xb4301c000 (13 bytes)
1760842887.582914 sending message 112 to peer 0xb4301c000 (13 bytes)
1760842887.582922 sending message 112 to peer 0xb4301c000 (13 bytes)
1760842887.582925 sending message 112 to peer 0xb4301c000 (11 bytes)
1760842887.582928 sending message 112 to peer 0xb4301c000 (12 bytes)
1760842887.582930 sending message 112 to peer 0xb4301c000 (13 bytes)
1760842887.582933 sending message 112 to peer 0xb4301c000 (13 bytes)
1760842887.582936 sending message 112 to peer 0xb4301c000 (13 bytes)
1760842887.582939 sending message 112 to peer 0xb4301c000 (13 bytes)
1760842887.582941 sending message 112 to peer 0xb4301c000 (13 bytes)
1760842887.582944 sending message 112 to peer 0xb4301c000 (11 bytes)
1760842887.582947 sending message 112 to peer 0xb4301c000 (12 bytes)
1760842887.582950 sending message 112 to peer 0xb4301c000 (12 bytes)
1760842887.582953 sending message 112 to peer 0xb4301c000 (12 bytes)
1760842887.582955 sending message 112 to peer 0xb4301c000 (12 bytes)
1760842887.582958 sending message 112 to peer 0xb4301c000 (12 bytes)
1760842887.582961 sending message 112 to peer 0xb4301c000 (21 bytes)
1760842887.582964 sending message 112 to peer 0xb4301c000 (12 bytes)
1760842887.582967 sending message 112 to peer 0xb4301c000 (9 bytes)
1760842887.582969 sending message 112 to peer 0xb4301c000 (6 bytes)
1760842887.582972 sending message 112 to peer 0xb4301c000 (13 bytes)
1760842887.582975 sending message 112 to peer 0xb4301c000 (8 bytes)
1760842887.582978 sending message 112 to peer 0xb4301c000 (15 bytes)
1760842887.582980 sending message 112 to peer 0xb4301c000 (13 bytes)
1760842887.582983 sending message 112 to peer 0xb4301c000 (9 bytes)
1760842887.582987 sending message 112 to peer 0xb4301c000 (70 bytes)
1760842887.582991 sending message 112 to peer 0xb4301c000 (69 bytes)
1760842887.582994 sending message 112 to peer 0xb4301c000 (10 bytes)
1760842887.582997 sending message 112 to peer 0xb4301c000 (10 bytes)
1760842887.582999 sending message 112 to peer 0xb4301c000 (8 bytes)
1760842887.583002 sending message 112 to peer 0xb4301c000 (15 bytes)
1760842887.583005 sending message 112 to peer 0xb4301c000 (13 bytes)
1760842887.583008 sending message 112 to peer 0xb4301c000 (10 bytes)
1760842887.583011 sending message 112 to peer 0xb4301c000 (10 bytes)
1760842887.583014 sending message 112 to peer 0xb4301c000 (17 bytes)
1760842887.583017 sending message 112 to peer 0xb4301c000 (10 bytes)
1760842887.583020 sending message 112 to peer 0xb4301c000 (13 bytes)
1760842887.583023 sending message 112 to peer 0xb4301c000 (9 bytes)
1760842887.583026 sending message 112 to peer 0xb4301c000 (5 bytes)
1760842887.583029 sending message 112 to peer 0xb4301c000 (15 bytes)
1760842887.583032 sending message 104 to peer 0xb4301c000 (0 bytes)
1760842887.583035 sending message 110 to peer 0xb4301c000 (0 bytes)
1760842887.583038 sending message 107 to peer 0xb4301c000 (4 bytes)
1760842887.583041 sending message 105 to peer 0xb4301c000 (39 bytes)
1760842887.583044 sending message 105 to peer 0xb4301c000 (20 bytes)
1760842887.583047 sending message 105 to peer 0xb4301c000 (22 bytes)
1760842887.583050 sending message 105 to peer 0xb4301c000 (77 bytes)
1760842887.583052 sending message 105 to peer 0xb4301c000 (84 bytes)
1760842887.583055 sending message 105 to peer 0xb4301c000 (90 bytes)
1760842887.583058 sending message 105 to peer 0xb4301c000 (91 bytes)
1760842887.583061 sending message 105 to peer 0xb4301c000 (409 bytes)
1760842887.583064 sending message 105 to peer 0xb4301c000 (19 bytes)
1760842887.583067 sending message 105 to peer 0xb4301c000 (27 bytes)
1760842887.583070 sending message 105 to peer 0xb4301c000 (57 bytes)
1760842887.583073 sending message 105 to peer 0xb4301c000 (75 bytes)
1760842887.583076 sending message 105 to peer 0xb4301c000 (41 bytes)
1760842887.583078 sending message 105 to peer 0xb4301c000 (27 bytes)
1760842887.583081 sending message 105 to peer 0xb4301c000 (37 bytes)
1760842887.583084 sending message 105 to peer 0xb4301c000 (30 bytes)
1760842887.583087 sending message 105 to peer 0xb4301c000 (34 bytes)
1760842887.583090 sending message 105 to peer 0xb4301c000 (60 bytes)
1760842887.583099 sending message 105 to peer 0xb4301c000 (17 bytes)
1760842887.583102 sending message 105 to peer 0xb4301c000 (8 bytes)
1760842887.583105 sending message 105 to peer 0xb4301c000 (23 bytes)
1760842887.583108 sending message 105 to peer 0xb4301c000 (32 bytes)
1760842887.583111 sending message 105 to peer 0xb4301c000 (96 bytes)
1760842887.583114 sending message 105 to peer 0xb4301c000 (106 bytes)
1760842887.583117 sending message 105 to peer 0xb4301c000 (35 bytes)
1760842887.583120 sending message 105 to peer 0xb4301c000 (42 bytes)
1760842887.583123 sending message 105 to peer 0xb4301c000 (18 bytes)
1760842887.583126 sending message 105 to peer 0xb4301c000 (11 bytes)
1760842887.583129 sending message 105 to peer 0xb4301c000 (1822 bytes)
1760842887.583132 sending message 105 to peer 0xb4301c000 (45 bytes)
1760842887.583135 sending message 105 to peer 0xb4301c000 (39 bytes)
1760842887.583138 sending message 105 to peer 0xb4301c000 (16 bytes)
1760842887.583141 sending message 105 to peer 0xb4301c000 (15 bytes)
1760842887.583144 sending message 105 to peer 0xb4301c000 (8 bytes)
1760842887.583147 sending message 105 to peer 0xb4301c000 (66 bytes)
1760842887.583150 sending message 105 to peer 0xb4301c000 (38 bytes)
1760842887.583152 sending message 105 to peer 0xb4301c000 (19 bytes)
1760842887.583155 sending message 105 to peer 0xb4301c000 (23 bytes)
1760842887.583158 sending message 105 to peer 0xb4301c000 (19 bytes)
1760842887.583161 sending message 105 to peer 0xb4301c000 (63 bytes)
1760842887.583164 sending message 105 to peer 0xb4301c000 (18 bytes)
1760842887.583167 sending message 105 to peer 0xb4301c000 (26 bytes)
1760842887.583170 sending message 105 to peer 0xb4301c000 (57 bytes)
1760842887.583173 sending message 105 to peer 0xb4301c000 (43 bytes)
1760842887.583176 sending message 105 to peer 0xb4301c000 (13 bytes)
1760842887.583180 sending message 105 to peer 0xb4301c000 (62 bytes)
1760842887.583182 sending message 105 to peer 0xb4301c000 (20 bytes)
1760842887.583186 sending message 105 to peer 0xb4301c000 (46 bytes)
1760842887.583188 sending message 105 to peer 0xb4301c000 (98 bytes)
1760842887.583194 sending message 105 to peer 0xb4301c000 (14 bytes)
1760842887.583196 sending message 105 to peer 0xb4301c000 (19 bytes)
1760842887.583204 sending message 105 to peer 0xb4301c000 (37 bytes)
1760842887.583208 sending message 105 to peer 0xb4301c000 (43 bytes)
1760842887.583213 sending message 105 to peer 0xb4301c000 (32 bytes)
1760842887.583217 sending message 105 to peer 0xb4301c000 (25 bytes)
1760842887.583222 sending message 106 to peer 0xb4301c000 (0 bytes)
1760842887.583278 sending message 200 to peer 0xb4301c000 (4 bytes)
1760842887.583286 client loop enter
1760842887.583611 peer 0xb4301c000 message 303
1760842887.583620 open write file 2 -
1760842887.583632 sending message 305 to peer 0xb4301c000 (8 bytes)
1760842887.583640 write check file 2
1760842887.583671 peer 0xb4301c000 message 304
1760842887.583675 write 58 to file 2
1760842887.583679 peer 0xb4301c000 message 203
1760842887.583683 file 2 58 bytes left
1760842887.583694 write check file 2
1760842887.583698 client loop exit
