1760842938.957838 client started (18736): version 3.5a, socket /private/tmp/tmux-501/default, protocol 8
1760842938.957874 on Darwin 25.0.0 Darwin Kernel Version 25.0.0: Wed Sep 17 21:41:26 PDT 2025; root:xnu-12377.1.9~141/RELEASE_ARM64_T6041
1760842938.957879 using libevent 2.1.12-stable select
1760842938.957884 using utf8proc 2.11.0
1760842938.957888 using ncurses 6.5 20240427
1760842938.957897 flags are 0x10010000
1760842938.957900 socket is /private/tmp/tmux-501/default
1760842938.957906 trying connect
1760842938.957932 add peer 0x8e701c000: 6 (0x0)
1760842938.959859 sending message 111 to peer 0x8e701c000 (8 bytes)
1760842938.959874 sending message 111 to peer 0x8e701c000 (8 bytes)
1760842938.959880 sending message 101 to peer 0x8e701c000 (14 bytes)
1760842938.959884 sending message 109 to peer 0x8e701c000 (4 bytes)
1760842938.959887 sending message 102 to peer 0x8e701c000 (13 bytes)
1760842938.959890 sending message 108 to peer 0x8e701c000 (35 bytes)
1760842938.959894 sending message 112 to peer 0x8e701c000 (70 bytes)
1760842938.959897 sending message 112 to peer 0x8e701c000 (5 bytes)
1760842938.959900 sending message 112 to peer 0x8e701c000 (5 bytes)
1760842938.959904 sending message 112 to peer 0x8e701c000 (6 bytes)
1760842938.959908 sending message 112 to peer 0x8e701c000 (6 bytes)
1760842938.959911 sending message 112 to peer 0x8e701c000 (11 bytes)
1760842938.959914 sending message 112 to peer 0x8e701c000 (10 bytes)
1760842938.959917 sending message 112 to peer 0x8e701c000 (13 bytes)
1760842938.959920 sending message 112 to peer 0x8e701c000 (13 bytes)
1760842938.959923 sending message 112 to peer 0x8e701c000 (18 bytes)
1760842938.959925 sending message 112 to peer 0x8e701c000 (11 bytes)
1760842938.959928 sending message 112 to peer 0x8e701c000 (10 bytes)
1760842938.959931 sending message 112 to peer 0x8e701c000 (15 bytes)
1760842938.959933 sending message 112 to peer 0x8e701c000 (21 bytes)
1760842938.959936 sending message 112 to peer 0x8e701c000 (13 bytes)
1760842938.959939 sending message 112 to peer 0x8e701c000 (7 bytes)
1760842938.959942 sending message 112 to peer 0x8e701c000 (13 bytes)
1760842938.959944 sending message 112 to peer 0x8e701c000 (7 bytes)
1760842938.959947 sending message 112 to peer 0x8e701c000 (13 bytes)
1760842938.959950 sending message 112 to peer 0x8e701c000 (9 bytes)
1760842938.959953 sending message 112 to peer 0x8e701c000 (21 bytes)
1760842938.959955 sending message 112 to peer 0x8e701c000 (13 bytes)
1760842938.959958 sending message 112 to peer 0x8e701c000 (8 bytes)
1760842938.959961 sending message 112 to peer 0x8e701c000 (12 bytes)
1760842938.959964 sending message 112 to peer 0x8e701c000 (13 bytes)
1760842938.959968 sending message 112 to peer 0x8e701c000 (9 bytes)
1760842938.959972 sending message 112 to peer 0x8e701c000 (9 bytes)
1760842938.959976 sending message 112 to peer 0x8e701c000 (12 bytes)
1760842938.959979 sending message 112 to peer 0x8e701c000 (8 bytes)
1760842938.959982 sending message 112 to peer 0x8e701c000 (8 bytes)
1760842938.959985 sending message 112 to peer 0x8e701c000 (7 bytes)
1760842938.959988 sending message 112 to peer 0x8e701c000 (7 bytes)
1760842938.959991 sending message 112 to peer 0x8e701c000 (9 bytes)
1760842938.959993 sending message 112 to peer 0x8e701c000 (13 bytes)
1760842938.959996 sending message 112 to peer 0x8e701c000 (6 bytes)
1760842938.959999 sending message 112 to peer 0x8e701c000 (9 bytes)
1760842938.960001 sending message 112 to peer 0x8e701c000 (15 bytes)
1760842938.960004 sending message 112 to peer 0x8e701c000 (13 bytes)
1760842938.960007 sending message 112 to peer 0x8e701c000 (12 bytes)
1760842938.960010 sending message 112 to peer 0x8e701c000 (8 bytes)
1760842938.960012 sending message 112 to peer 0x8e701c000 (14 bytes)
1760842938.960015 sending message 112 to peer 0x8e701c000 (11 bytes)
1760842938.960018 sending message 112 to peer 0x8e701c000 (9 bytes)
1760842938.960021 sending message 112 to peer 0x8e701c000 (10 bytes)
1760842938.960023 sending message 112 to peer 0x8e701c000 (10 bytes)
1760842938.960026 sending message 112 to peer 0x8e701c000 (10 bytes)
1760842938.960038 sending message 112 to peer 0x8e701c000 (10 bytes)
1760842938.960040 sending message 112 to peer 0x8e701c000 (11 bytes)
1760842938.960043 sending message 112 to peer 0x8e701c000 (12 bytes)
1760842938.960045 sending message 112 to peer 0x8e701c000 (12 bytes)
1760842938.960047 sending message 112 to peer 0x8e701c000 (12 bytes)
1760842938.960049 sending message 112 to peer 0x8e701c000 (12 bytes)
1760842938.960051 sending message 112 to peer 0x8e701c000 (12 bytes)
1760842938.960053 sending message 112 to peer 0x8e701c000 (11 bytes)
1760842938.960055 sending message 112 to peer 0x8e701c000 (11 bytes)
1760842938.960057 sending message 112 to peer 0x8e701c000 (12 bytes)
1760842938.960059 sending message 112 to peer 0x8e701c000 (12 bytes)
1760842938.960061 sending message 112 to peer 0x8e701c000 (12 bytes)
1760842938.960063 sending message 112 to peer 0x8e701c000 (12 bytes)
1760842938.960065 sending message 112 to peer 0x8e701c000 (12 bytes)
1760842938.960067 sending message 112 to peer 0x8e701c000 (10 bytes)
1760842938.960069 sending message 112 to peer 0x8e701c000 (12 bytes)
1760842938.960071 sending message 112 to peer 0x8e701c000 (13 bytes)
1760842938.960073 sending message 112 to peer 0x8e701c000 (13 bytes)
1760842938.960075 sending message 112 to peer 0x8e701c000 (13 bytes)
1760842938.960077 sending message 112 to peer 0x8e701c000 (13 bytes)
1760842938.960079 sending message 112 to peer 0x8e701c000 (13 bytes)
1760842938.960081 sending message 112 to peer 0x8e701c000 (8 bytes)
1760842938.960083 sending message 112 to peer 0x8e701c000 (11 bytes)
1760842938.960085 sending message 112 to peer 0x8e701c000 (11 bytes)
1760842938.960087 sending message 112 to peer 0x8e701c000 (11 bytes)
1760842938.960089 sending message 112 to peer 0x8e701c000 (12 bytes)
1760842938.960091 sending message 112 to peer 0x8e701c000 (12 bytes)
1760842938.960093 sending message 112 to peer 0x8e701c000 (12 bytes)
1760842938.960095 sending message 112 to peer 0x8e701c000 (12 bytes)
1760842938.960097 sending message 112 to peer 0x8e701c000 (13 bytes)
1760842938.960099 sending message 112 to peer 0x8e701c000 (13 bytes)
1760842938.960101 sending message 112 to peer 0x8e701c000 (13 bytes)
1760842938.960104 sending message 112 to peer 0x8e701c000 (8 bytes)
1760842938.960106 sending message 112 to peer 0x8e701c000 (13 bytes)
1760842938.960108 sending message 112 to peer 0x8e701c000 (13 bytes)
1760842938.960110 sending message 112 to peer 0x8e701c000 (13 bytes)
1760842938.960112 sending message 112 to peer 0x8e701c000 (13 bytes)
1760842938.960113 sending message 112 to peer 0x8e701c000 (13 bytes)
1760842938.960115 sending message 112 to peer 0x8e701c000 (12 bytes)
1760842938.960117 sending message 112 to peer 0x8e701c000 (12 bytes)
1760842938.960119 sending message 112 to peer 0x8e701c000 (12 bytes)
1760842938.960121 sending message 112 to peer 0x8e701c000 (12 bytes)
1760842938.960123 sending message 112 to peer 0x8e701c000 (13 bytes)
1760842938.960125 sending message 112 to peer 0x8e701c000 (8 bytes)
1760842938.960127 sending message 112 to peer 0x8e701c000 (13 bytes)
1760842938.960129 sending message 112 to peer 0x8e701c000 (13 bytes)
1760842938.960131 sending message 112 to peer 0x8e701c000 (13 bytes)
1760842938.960133 sending message 112 to peer 0x8e701c000 (13 bytes)
1760842938.960135 sending message 112 to peer 0x8e701c000 (13 bytes)
1760842938.960137 sending message 112 to peer 0x8e701c000 (13 bytes)
1760842938.960139 sending message 112 to peer 0x8e701c000 (13 bytes)
1760842938.960141 sending message 112 to peer 0x8e701c000 (12 bytes)
1760842938.960143 sending message 112 to peer 0x8e701c000 (12 bytes)
1760842938.960145 sending message 112 to peer 0x8e701c000 (12 bytes)
1760842938.960147 sending message 112 to peer 0x8e701c000 (8 bytes)
1760842938.960149 sending message 112 to peer 0x8e701c000 (12 bytes)
1760842938.960151 sending message 112 to peer 0x8e701c000 (13 bytes)
1760842938.960153 sending message 112 to peer 0x8e701c000 (13 bytes)
1760842938.960155 sending message 112 to peer 0x8e701c000 (13 bytes)
1760842938.960161 sending message 112 to peer 0x8e701c000 (13 bytes)
1760842938.960163 sending message 112 to peer 0x8e701c000 (13 bytes)
1760842938.960165 sending message 112 to peer 0x8e701c000 (13 bytes)
1760842938.960167 sending message 112 to peer 0x8e701c000 (13 bytes)
1760842938.960170 sending message 112 to peer 0x8e701c000 (13 bytes)
1760842938.960172 sending message 112 to peer 0x8e701c000 (12 bytes)
1760842938.960174 sending message 112 to peer 0x8e701c000 (10 bytes)
1760842938.960176 sending message 112 to peer 0x8e701c000 (12 bytes)
1760842938.960178 sending message 112 to peer 0x8e701c000 (12 bytes)
1760842938.960180 sending message 112 to peer 0x8e701c000 (12 bytes)
1760842938.960182 sending message 112 to peer 0x8e701c000 (13 bytes)
1760842938.960184 sending message 112 to peer 0x8e701c000 (13 bytes)
1760842938.960186 sending message 112 to peer 0x8e701c000 (13 bytes)
1760842938.960188 sending message 112 to peer 0x8e701c000 (13 bytes)
1760842938.960190 sending message 112 to peer 0x8e701c000 (13 bytes)
1760842938.960192 sending message 112 to peer 0x8e701c000 (13 bytes)
1760842938.960194 sending message 112 to peer 0x8e701c000 (13 bytes)
1760842938.960196 sending message 112 to peer 0x8e701c000 (10 bytes)
1760842938.960198 sending message 112 to peer 0x8e701c000 (13 bytes)
1760842938.960200 sending message 112 to peer 0x8e701c000 (12 bytes)
1760842938.960202 sending message 112 to peer 0x8e701c000 (12 bytes)
1760842938.960204 sending message 112 to peer 0x8e701c000 (12 bytes)
1760842938.960206 sending message 112 to peer 0x8e701c000 (10 bytes)
1760842938.960208 sending message 112 to peer 0x8e701c000 (10 bytes)
1760842938.960210 sending message 112 to peer 0x8e701c000 (10 bytes)
1760842938.960212 sending message 112 to peer 0x8e701c000 (12 bytes)
1760842938.960214 sending message 112 to peer 0x8e701c000 (13 bytes)
1760842938.960216 sending message 112 to peer 0x8e701c000 (13 bytes)
1760842938.960218 sending message 112 to peer 0x8e701c000 (13 bytes)
1760842938.960220 sending message 112 to peer 0x8e701c000 (13 bytes)
1760842938.960222 sending message 112 to peer 0x8e701c000 (13 bytes)
1760842938.960224 sending message 112 to peer 0x8e701c000 (11 bytes)
1760842938.960226 sending message 112 to peer 0x8e701c000 (11 bytes)
1760842938.960228 sending message 112 to peer 0x8e701c000 (12 bytes)
1760842938.960229 sending message 112 to peer 0x8e701c000 (12 bytes)
1760842938.960231 sending message 112 to peer 0x8e701c000 (12 bytes)
1760842938.960233 sending message 112 to peer 0x8e701c000 (12 bytes)
1760842938.960235 sending message 112 to peer 0x8e701c000 (12 bytes)
1760842938.960237 sending message 112 to peer 0x8e701c000 (11 bytes)
1760842938.960239 sending message 112 to peer 0x8e701c000 (12 bytes)
1760842938.960241 sending message 112 to peer 0x8e701c000 (12 bytes)
1760842938.960243 sending message 112 to peer 0x8e701c000 (13 bytes)
1760842938.960245 sending message 112 to peer 0x8e701c000 (13 bytes)
1760842938.960247 sending message 112 to peer 0x8e701c000 (13 bytes)
1760842938.960249 sending message 112 to peer 0x8e701c000 (13 bytes)
1760842938.960251 sending message 112 to peer 0x8e701c000 (13 bytes)
1760842938.960253 sending message 112 to peer 0x8e701c000 (10 bytes)
1760842938.960255 sending message 112 to peer 0x8e701c000 (9 bytes)
1760842938.960257 sending message 112 to peer 0x8e701c000 (12 bytes)
1760842938.960259 sending message 112 to peer 0x8e701c000 (13 bytes)
1760842938.960261 sending message 112 to peer 0x8e701c000 (13 bytes)
1760842938.960263 sending message 112 to peer 0x8e701c000 (13 bytes)
1760842938.960265 sending message 112 to peer 0x8e701c000 (13 bytes)
1760842938.960267 sending message 112 to peer 0x8e701c000 (13 bytes)
1760842938.960269 sending message 112 to peer 0x8e701c000 (9 bytes)
1760842938.960271 sending message 112 to peer 0x8e701c000 (12 bytes)
1760842938.960273 sending message 112 to peer 0x8e701c000 (13 bytes)
1760842938.960275 sending message 112 to peer 0x8e701c000 (13 bytes)
1760842938.960277 sending message 112 to peer 0x8e701c000 (13 bytes)
1760842938.960279 sending message 112 to peer 0x8e701c000 (13 bytes)
1760842938.960284 sending message 112 to peer 0x8e701c000 (13 bytes)
1760842938.960286 sending message 112 to peer 0x8e701c000 (11 bytes)
1760842938.960288 sending message 112 to peer 0x8e701c000 (12 bytes)
1760842938.960289 sending message 112 to peer 0x8e701c000 (13 bytes)
1760842938.960291 sending message 112 to peer 0x8e701c000 (13 bytes)
1760842938.960293 sending message 112 to peer 0x8e701c000 (13 bytes)
1760842938.960295 sending message 112 to peer 0x8e701c000 (13 bytes)
1760842938.960297 sending message 112 to peer 0x8e701c000 (13 bytes)
1760842938.960299 sending message 112 to peer 0x8e701c000 (11 bytes)
1760842938.960301 sending message 112 to peer 0x8e701c000 (12 bytes)
1760842938.960303 sending message 112 to peer 0x8e701c000 (12 bytes)
1760842938.960305 sending message 112 to peer 0x8e701c000 (12 bytes)
1760842938.960307 sending message 112 to peer 0x8e701c000 (12 bytes)
1760842938.960309 sending message 112 to peer 0x8e701c000 (12 bytes)
1760842938.960311 sending message 112 to peer 0x8e701c000 (21 bytes)
1760842938.960313 sending message 112 to peer 0x8e701c000 (12 bytes)
1760842938.960315 sending message 112 to peer 0x8e701c000 (9 bytes)
1760842938.960317 sending message 112 to peer 0x8e701c000 (6 bytes)
1760842938.960319 sending message 112 to peer 0x8e701c000 (13 bytes)
1760842938.960321 sending message 112 to peer 0x8e701c000 (8 bytes)
1760842938.960323 sending message 112 to peer 0x8e701c000 (15 bytes)
1760842938.960325 sending message 112 to peer 0x8e701c000 (13 bytes)
1760842938.960327 sending message 112 to peer 0x8e701c000 (9 bytes)
1760842938.960329 sending message 112 to peer 0x8e701c000 (70 bytes)
1760842938.960331 sending message 112 to peer 0x8e701c000 (69 bytes)
1760842938.960333 sending message 112 to peer 0x8e701c000 (10 bytes)
1760842938.960335 sending message 112 to peer 0x8e701c000 (10 bytes)
1760842938.960337 sending message 112 to peer 0x8e701c000 (8 bytes)
1760842938.960339 sending message 112 to peer 0x8e701c000 (15 bytes)
1760842938.960342 sending message 112 to peer 0x8e701c000 (13 bytes)
1760842938.960344 sending message 112 to peer 0x8e701c000 (10 bytes)
1760842938.960346 sending message 112 to peer 0x8e701c000 (10 bytes)
1760842938.960348 sending message 112 to peer 0x8e701c000 (17 bytes)
1760842938.960351 sending message 112 to peer 0x8e701c000 (10 bytes)
1760842938.960354 sending message 112 to peer 0x8e701c000 (13 bytes)
1760842938.960356 sending message 112 to peer 0x8e701c000 (9 bytes)
1760842938.960358 sending message 112 to peer 0x8e701c000 (5 bytes)
1760842938.960360 sending message 112 to peer 0x8e701c000 (15 bytes)
1760842938.960362 sending message 104 to peer 0x8e701c000 (0 bytes)
1760842938.960365 sending message 110 to peer 0x8e701c000 (0 bytes)
1760842938.960367 sending message 107 to peer 0x8e701c000 (4 bytes)
1760842938.960369 sending message 105 to peer 0x8e701c000 (39 bytes)
1760842938.960371 sending message 105 to peer 0x8e701c000 (20 bytes)
1760842938.960373 sending message 105 to peer 0x8e701c000 (22 bytes)
1760842938.960375 sending message 105 to peer 0x8e701c000 (77 bytes)
1760842938.960377 sending message 105 to peer 0x8e701c000 (84 bytes)
1760842938.960379 sending message 105 to peer 0x8e701c000 (90 bytes)
1760842938.960381 sending message 105 to peer 0x8e701c000 (91 bytes)
1760842938.960383 sending message 105 to peer 0x8e701c000 (409 bytes)
1760842938.960385 sending message 105 to peer 0x8e701c000 (19 bytes)
1760842938.960387 sending message 105 to peer 0x8e701c000 (27 bytes)
1760842938.960389 sending message 105 to peer 0x8e701c000 (57 bytes)
1760842938.960391 sending message 105 to peer 0x8e701c000 (75 bytes)
1760842938.960394 sending message 105 to peer 0x8e701c000 (41 bytes)
1760842938.960396 sending message 105 to peer 0x8e701c000 (27 bytes)
1760842938.960398 sending message 105 to peer 0x8e701c000 (37 bytes)
1760842938.960400 sending message 105 to peer 0x8e701c000 (30 bytes)
1760842938.960402 sending message 105 to peer 0x8e701c000 (34 bytes)
1760842938.960404 sending message 105 to peer 0x8e701c000 (60 bytes)
1760842938.960413 sending message 105 to peer 0x8e701c000 (17 bytes)
1760842938.960415 sending message 105 to peer 0x8e701c000 (8 bytes)
1760842938.960417 sending message 105 to peer 0x8e701c000 (23 bytes)
1760842938.960419 sending message 105 to peer 0x8e701c000 (32 bytes)
1760842938.960421 sending message 105 to peer 0x8e701c000 (96 bytes)
1760842938.960424 sending message 105 to peer 0x8e701c000 (106 bytes)
1760842938.960426 sending message 105 to peer 0x8e701c000 (35 bytes)
1760842938.960428 sending message 105 to peer 0x8e701c000 (42 bytes)
1760842938.960430 sending message 105 to peer 0x8e701c000 (18 bytes)
1760842938.960432 sending message 105 to peer 0x8e701c000 (11 bytes)
1760842938.960434 sending message 105 to peer 0x8e701c000 (1822 bytes)
1760842938.960437 sending message 105 to peer 0x8e701c000 (45 bytes)
1760842938.960439 sending message 105 to peer 0x8e701c000 (39 bytes)
1760842938.960441 sending message 105 to peer 0x8e701c000 (16 bytes)
1760842938.960443 sending message 105 to peer 0x8e701c000 (15 bytes)
1760842938.960445 sending message 105 to peer 0x8e701c000 (8 bytes)
1760842938.960447 sending message 105 to peer 0x8e701c000 (66 bytes)
1760842938.960449 sending message 105 to peer 0x8e701c000 (38 bytes)
1760842938.960451 sending message 105 to peer 0x8e701c000 (19 bytes)
1760842938.960453 sending message 105 to peer 0x8e701c000 (23 bytes)
1760842938.960455 sending message 105 to peer 0x8e701c000 (19 bytes)
1760842938.960457 sending message 105 to peer 0x8e701c000 (63 bytes)
1760842938.960459 sending message 105 to peer 0x8e701c000 (18 bytes)
1760842938.960461 sending message 105 to peer 0x8e701c000 (26 bytes)
1760842938.960463 sending message 105 to peer 0x8e701c000 (57 bytes)
1760842938.960465 sending message 105 to peer 0x8e701c000 (43 bytes)
1760842938.960467 sending message 105 to peer 0x8e701c000 (13 bytes)
1760842938.960469 sending message 105 to peer 0x8e701c000 (62 bytes)
1760842938.960471 sending message 105 to peer 0x8e701c000 (20 bytes)
1760842938.960473 sending message 105 to peer 0x8e701c000 (46 bytes)
1760842938.960475 sending message 105 to peer 0x8e701c000 (98 bytes)
1760842938.960477 sending message 105 to peer 0x8e701c000 (14 bytes)
1760842938.960479 sending message 105 to peer 0x8e701c000 (19 bytes)
1760842938.960481 sending message 105 to peer 0x8e701c000 (37 bytes)
1760842938.960483 sending message 105 to peer 0x8e701c000 (43 bytes)
1760842938.960485 sending message 105 to peer 0x8e701c000 (32 bytes)
1760842938.960487 sending message 105 to peer 0x8e701c000 (25 bytes)
1760842938.960489 sending message 106 to peer 0x8e701c000 (0 bytes)
1760842938.960532 sending message 200 to peer 0x8e701c000 (4 bytes)
1760842938.960536 client loop enter
1760842938.960673 peer 0x8e701c000 message 303
1760842938.960681 open write file 2 -
1760842938.960688 sending message 305 to peer 0x8e701c000 (8 bytes)
1760842938.960696 write check file 2
1760842938.960723 peer 0x8e701c000 message 304
1760842938.960726 write 58 to file 2
1760842938.960729 peer 0x8e701c000 message 203
1760842938.960731 file 2 58 bytes left
1760842938.960737 write check file 2
1760842938.960740 client loop exit
